# JRE version: OpenJDK Runtime Environment (15.0.1+9) (build 15.0.1+9-18)
# Java VM: OpenJDK 64-Bit Server VM (15.0.1+9-18, mixed mode, tiered, compressed oops, g1 gc, windows-amd64)
GC Precious Log:
 CPUs: 4 total, 4 available
 Memory: 8101M
 Large Page Support: Disabled
 NUMA Support: Disabled
 Compressed Oops: Enabled (32-bit)
 Heap Region Size: 1M
 Heap Min Capacity: 8M
 Heap Initial Capacity: 128M
 Heap Max Capacity: 2026M
 Pre-touch: Disabled
 Parallel Workers: 4
 Concurrent Workers: 1
 Concurrent Refinement Workers: 4
 Periodic GC: Disabled
Heap:
 garbage-first heap   total 80896K, used 53352K [0x0000000081600000, 0x0000000100000000)
  region size 1024K, 42 young (43008K), 2 survivors (2048K)
 Metaspace       used 38597K, capacity 39072K, committed 39168K, reserved 1083392K
  class space    used 4657K, capacity 4833K, committed 4864K, reserved 1048576K
GC Heap History (14 events):
Event: 0.835 GC heap before
{Heap before GC invocations=0 (full 0):
 garbage-first heap   total 131072K, used 12288K [0x0000000081600000, 0x0000000100000000)
  region size 1024K, 13 young (13312K), 0 survivors (0K)
 Metaspace       used 13962K, capacity 14187K, committed 14336K, reserved 1062912K
  class space    used 1385K, capacity 1447K, committed 1536K, reserved 1048576K
}
Event: 0.845 GC heap after
{Heap after GC invocations=1 (full 0):
 garbage-first heap   total 131072K, used 4671K [0x0000000081600000, 0x0000000100000000)
  region size 1024K, 2 young (2048K), 2 survivors (2048K)
 Metaspace       used 13962K, capacity 14187K, committed 14336K, reserved 1062912K
  class space    used 1385K, capacity 1447K, committed 1536K, reserved 1048576K
}
Event: 1.040 GC heap before
{Heap before GC invocations=1 (full 0):
 garbage-first heap   total 131072K, used 15935K [0x0000000081600000, 0x0000000100000000)
  region size 1024K, 13 young (13312K), 2 survivors (2048K)
 Metaspace       used 16252K, capacity 16502K, committed 16640K, reserved 1064960K
  class space    used 1695K, capacity 1776K, committed 1792K, reserved 1048576K
}
Event: 1.045 GC heap after
{Heap after GC invocations=2 (full 0):
 garbage-first heap   total 131072K, used 5563K [0x0000000081600000, 0x0000000100000000)
  region size 1024K, 1 young (1024K), 1 survivors (1024K)
 Metaspace       used 16252K, capacity 16502K, committed 16640K, reserved 1064960K
  class space    used 1695K, capacity 1776K, committed 1792K, reserved 1048576K
}
Event: 1.468 GC heap before
{Heap before GC invocations=2 (full 0):
 garbage-first heap   total 131072K, used 22971K [0x0000000081600000, 0x0000000100000000)
  region size 1024K, 20 young (20480K), 1 survivors (1024K)
 Metaspace       used 20823K, capacity 21156K, committed 21248K, reserved 1069056K
  class space    used 2352K, capacity 2471K, committed 2560K, reserved 1048576K
}
Event: 1.473 GC heap after
{Heap after GC invocations=3 (full 0):
 garbage-first heap   total 131072K, used 6995K [0x0000000081600000, 0x0000000100000000)
  region size 1024K, 3 young (3072K), 3 survivors (3072K)
 Metaspace       used 20823K, capacity 21156K, committed 21248K, reserved 1069056K
  class space    used 2352K, capacity 2471K, committed 2560K, reserved 1048576K
}
Event: 1.760 GC heap before
{Heap before GC invocations=4 (full 0):
 garbage-first heap   total 30720K, used 29523K [0x0000000081600000, 0x0000000100000000)
  region size 1024K, 25 young (25600K), 3 survivors (3072K)
 Metaspace       used 26423K, capacity 26780K, committed 27008K, reserved 1073152K
  class space    used 3045K, capacity 3149K, committed 3200K, reserved 1048576K
}
Event: 1.766 GC heap after
{Heap after GC invocations=5 (full 0):
 garbage-first heap   total 33792K, used 7789K [0x0000000081600000, 0x0000000100000000)
  region size 1024K, 3 young (3072K), 3 survivors (3072K)
 Metaspace       used 26423K, capacity 26780K, committed 27008K, reserved 1073152K
  class space    used 3045K, capacity 3149K, committed 3200K, reserved 1048576K
}
Event: 2.053 GC heap before
{Heap before GC invocations=6 (full 0):
 garbage-first heap   total 30720K, used 21101K [0x0000000081600000, 0x0000000100000000)
  region size 1024K, 17 young (17408K), 3 survivors (3072K)
 Metaspace       used 27409K, capacity 27762K, committed 27904K, reserved 1073152K
  class space    used 3195K, capacity 3323K, committed 3328K, reserved 1048576K
}
Event: 2.060 GC heap after
{Heap after GC invocations=7 (full 0):
 garbage-first heap   total 80896K, used 9116K [0x0000000081600000, 0x0000000100000000)
  region size 1024K, 3 young (3072K), 3 survivors (3072K)
 Metaspace       used 27409K, capacity 27762K, committed 27904K, reserved 1073152K
  class space    used 3195K, capacity 3323K, committed 3328K, reserved 1048576K
}
Event: 3.180 GC heap before
{Heap before GC invocations=7 (full 0):
 garbage-first heap   total 80896K, used 54172K [0x0000000081600000, 0x0000000100000000)
  region size 1024K, 47 young (48128K), 3 survivors (3072K)
 Metaspace       used 34049K, capacity 34527K, committed 34688K, reserved 1079296K
  class space    used 4053K, capacity 4183K, committed 4224K, reserved 1048576K
}
Event: 3.192 GC heap after
{Heap after GC invocations=8 (full 0):
 garbage-first heap   total 80896K, used 12676K [0x0000000081600000, 0x0000000100000000)
  region size 1024K, 6 young (6144K), 6 survivors (6144K)
 Metaspace       used 34049K, capacity 34527K, committed 34688K, reserved 1079296K
  class space    used 4053K, capacity 4183K, committed 4224K, reserved 1048576K
}
Event: 4.196 GC heap before
{Heap before GC invocations=8 (full 0):
 garbage-first heap   total 80896K, used 54660K [0x0000000081600000, 0x0000000100000000)
  region size 1024K, 47 young (48128K), 6 survivors (6144K)
 Metaspace       used 35936K, capacity 36397K, committed 36480K, reserved 1081344K
  class space    used 4319K, capacity 4456K, committed 4480K, reserved 1048576K
}
Event: 4.204 GC heap after
{Heap after GC invocations=9 (full 0):
 garbage-first heap   total 80896K, used 13416K [0x0000000081600000, 0x0000000100000000)
  region size 1024K, 2 young (2048K), 2 survivors (2048K)
 Metaspace       used 35936K, capacity 36397K, committed 36480K, reserved 1081344K
  class space    used 4319K, capacity 4456K, committed 4480K, reserved 1048576K
}

