# JRE version: OpenJDK Runtime Environment (15.0.1+9) (build 15.0.1+9-18)
# Java VM: OpenJDK 64-Bit Server VM (15.0.1+9-18, mixed mode, tiered, compressed oops, g1 gc, windows-amd64)
GC Precious Log:
 CPUs: 4 total, 4 available
 Memory: 8101M
 Large Page Support: Disabled
 NUMA Support: Disabled
 Compressed Oops: Enabled (32-bit)
 Heap Region Size: 1M
 Heap Min Capacity: 8M
 Heap Initial Capacity: 128M
 Heap Max Capacity: 2026M
 Pre-touch: Disabled
 Parallel Workers: 4
 Concurrent Workers: 1
 Concurrent Refinement Workers: 4
 Periodic GC: Disabled
Heap:
 garbage-first heap   total 51200K, used 25018K [0x0000000081600000, 0x0000000100000000)
  region size 1024K, 11 young (11264K), 0 survivors (0K)
 Metaspace       used 40818K, capacity 41259K, committed 41600K, reserved 1085440K
  class space    used 4955K, capacity 5130K, committed 5248K, reserved 1048576K
GC Heap History (20 events):
Event: 3.997 GC heap before
{Heap before GC invocations=10 (full 0):
 garbage-first heap   total 41984K, used 29569K [0x0000000081600000, 0x0000000100000000)
  region size 1024K, 19 young (19456K), 3 survivors (3072K)
 Metaspace       used 34026K, capacity 34479K, committed 34688K, reserved 1079296K
  class space    used 4057K, capacity 4183K, committed 4224K, reserved 1048576K
}
Event: 4.001 GC heap after
{Heap after GC invocations=11 (full 0):
 garbage-first heap   total 41984K, used 14356K [0x0000000081600000, 0x0000000100000000)
  region size 1024K, 3 young (3072K), 3 survivors (3072K)
 Metaspace       used 34026K, capacity 34479K, committed 34688K, reserved 1079296K
  class space    used 4057K, capacity 4183K, committed 4224K, reserved 1048576K
}
Event: 4.246 GC heap before
{Heap before GC invocations=11 (full 0):
 garbage-first heap   total 41984K, used 29716K [0x0000000081600000, 0x0000000100000000)
  region size 1024K, 18 young (18432K), 3 survivors (3072K)
 Metaspace       used 34032K, capacity 34479K, committed 34688K, reserved 1079296K
  class space    used 4058K, capacity 4183K, committed 4224K, reserved 1048576K
}
Event: 4.248 GC heap after
{Heap after GC invocations=12 (full 0):
 garbage-first heap   total 51200K, used 13646K [0x0000000081600000, 0x0000000100000000)
  region size 1024K, 2 young (2048K), 2 survivors (2048K)
 Metaspace       used 34032K, capacity 34479K, committed 34688K, reserved 1079296K
  class space    used 4058K, capacity 4183K, committed 4224K, reserved 1048576K
}
Event: 4.786 GC heap before
{Heap before GC invocations=12 (full 0):
 garbage-first heap   total 51200K, used 37198K [0x0000000081600000, 0x0000000100000000)
  region size 1024K, 25 young (25600K), 2 survivors (2048K)
 Metaspace       used 36511K, capacity 36960K, committed 37120K, reserved 1081344K
  class space    used 4406K, capacity 4553K, committed 4608K, reserved 1048576K
}
Event: 4.789 GC heap after
{Heap after GC invocations=13 (full 0):
 garbage-first heap   total 51200K, used 14080K [0x0000000081600000, 0x0000000100000000)
  region size 1024K, 2 young (2048K), 2 survivors (2048K)
 Metaspace       used 36511K, capacity 36960K, committed 37120K, reserved 1081344K
  class space    used 4406K, capacity 4553K, committed 4608K, reserved 1048576K
}
Event: 12.446 GC heap before
{Heap before GC invocations=13 (full 0):
 garbage-first heap   total 51200K, used 37632K [0x0000000081600000, 0x0000000100000000)
  region size 1024K, 25 young (25600K), 2 survivors (2048K)
 Metaspace       used 38424K, capacity 38917K, committed 39168K, reserved 1083392K
  class space    used 4636K, capacity 4796K, committed 4864K, reserved 1048576K
}
Event: 12.450 GC heap after
{Heap after GC invocations=14 (full 0):
 garbage-first heap   total 51200K, used 15917K [0x0000000081600000, 0x0000000100000000)
  region size 1024K, 4 young (4096K), 4 survivors (4096K)
 Metaspace       used 38424K, capacity 38917K, committed 39168K, reserved 1083392K
  class space    used 4636K, capacity 4796K, committed 4864K, reserved 1048576K
}
Event: 25.989 GC heap before
{Heap before GC invocations=14 (full 0):
 garbage-first heap   total 51200K, used 38445K [0x0000000081600000, 0x0000000100000000)
  region size 1024K, 26 young (26624K), 4 survivors (4096K)
 Metaspace       used 38608K, capacity 39109K, committed 39424K, reserved 1083392K
  class space    used 4653K, capacity 4796K, committed 4864K, reserved 1048576K
}
Event: 25.993 GC heap after
{Heap after GC invocations=15 (full 0):
 garbage-first heap   total 51200K, used 16556K [0x0000000081600000, 0x0000000100000000)
  region size 1024K, 3 young (3072K), 3 survivors (3072K)
 Metaspace       used 38608K, capacity 39109K, committed 39424K, reserved 1083392K
  class space    used 4653K, capacity 4796K, committed 4864K, reserved 1048576K
}
Event: 33.372 GC heap before
{Heap before GC invocations=15 (full 0):
 garbage-first heap   total 51200K, used 37036K [0x0000000081600000, 0x0000000100000000)
  region size 1024K, 24 young (24576K), 3 survivors (3072K)
 Metaspace       used 40533K, capacity 40997K, committed 41216K, reserved 1085440K
  class space    used 4917K, capacity 5084K, committed 5120K, reserved 1048576K
}
Event: 33.376 GC heap after
{Heap after GC invocations=16 (full 0):
 garbage-first heap   total 51200K, used 18229K [0x0000000081600000, 0x0000000100000000)
  region size 1024K, 3 young (3072K), 3 survivors (3072K)
 Metaspace       used 40533K, capacity 40997K, committed 41216K, reserved 1085440K
  class space    used 4917K, capacity 5084K, committed 5120K, reserved 1048576K
}
Event: 46.521 GC heap before
{Heap before GC invocations=16 (full 0):
 garbage-first heap   total 51200K, used 38709K [0x0000000081600000, 0x0000000100000000)
  region size 1024K, 23 young (23552K), 3 survivors (3072K)
 Metaspace       used 40533K, capacity 40997K, committed 41216K, reserved 1085440K
  class space    used 4917K, capacity 5084K, committed 5120K, reserved 1048576K
}
Event: 46.524 GC heap after
{Heap after GC invocations=17 (full 0):
 garbage-first heap   total 51200K, used 18224K [0x0000000081600000, 0x0000000100000000)
  region size 1024K, 1 young (1024K), 1 survivors (1024K)
 Metaspace       used 40533K, capacity 40997K, committed 41216K, reserved 1085440K
  class space    used 4917K, capacity 5084K, committed 5120K, reserved 1048576K
}
Event: 60.128 GC heap before
{Heap before GC invocations=17 (full 0):
 garbage-first heap   total 51200K, used 39728K [0x0000000081600000, 0x0000000100000000)
  region size 1024K, 22 young (22528K), 1 survivors (1024K)
 Metaspace       used 40534K, capacity 40997K, committed 41216K, reserved 1085440K
  class space    used 4917K, capacity 5084K, committed 5120K, reserved 1048576K
}
Event: 60.129 GC heap after
{Heap after GC invocations=18 (full 0):
 garbage-first heap   total 51200K, used 17948K [0x0000000081600000, 0x0000000100000000)
  region size 1024K, 1 young (1024K), 1 survivors (1024K)
 Metaspace       used 40534K, capacity 40997K, committed 41216K, reserved 1085440K
  class space    used 4917K, capacity 5084K, committed 5120K, reserved 1048576K
}
Event: 78.557 GC heap before
{Heap before GC invocations=18 (full 0):
 garbage-first heap   total 51200K, used 40476K [0x0000000081600000, 0x0000000100000000)
  region size 1024K, 23 young (23552K), 1 survivors (1024K)
 Metaspace       used 40787K, capacity 41229K, committed 41472K, reserved 1085440K
  class space    used 4947K, capacity 5120K, committed 5120K, reserved 1048576K
}
Event: 78.564 GC heap after
{Heap after GC invocations=19 (full 0):
 garbage-first heap   total 51200K, used 19294K [0x0000000081600000, 0x0000000100000000)
  region size 1024K, 2 young (2048K), 2 survivors (2048K)
 Metaspace       used 40787K, capacity 41229K, committed 41472K, reserved 1085440K
  class space    used 4947K, capacity 5120K, committed 5120K, reserved 1048576K
}
Event: 78.865 GC heap before
{Heap before GC invocations=19 (full 0):
 garbage-first heap   total 51200K, used 37726K [0x0000000081600000, 0x0000000100000000)
  region size 1024K, 21 young (21504K), 2 survivors (2048K)
 Metaspace       used 40793K, capacity 41232K, committed 41600K, reserved 1085440K
  class space    used 4949K, capacity 5121K, committed 5248K, reserved 1048576K
}
Event: 78.888 GC heap after
{Heap after GC invocations=20 (full 1):
 garbage-first heap   total 51200K, used 14778K [0x0000000081600000, 0x0000000100000000)
  region size 1024K, 0 young (0K), 0 survivors (0K)
 Metaspace       used 40793K, capacity 41232K, committed 41600K, reserved 1085440K
  class space    used 4949K, capacity 5121K, committed 5248K, reserved 1048576K
}

