# JRE version: OpenJDK Runtime Environment (15.0.1+9) (build 15.0.1+9-18)
# Java VM: OpenJDK 64-Bit Server VM (15.0.1+9-18, mixed mode, tiered, compressed oops, g1 gc, windows-amd64)
GC Precious Log:
 CPUs: 4 total, 4 available
 Memory: 8101M
 Large Page Support: Disabled
 NUMA Support: Disabled
 Compressed Oops: Enabled (32-bit)
 Heap Region Size: 1M
 Heap Min Capacity: 8M
 Heap Initial Capacity: 128M
 Heap Max Capacity: 2026M
 Pre-touch: Disabled
 Parallel Workers: 4
 Concurrent Workers: 1
 Concurrent Refinement Workers: 4
 Periodic GC: Disabled
Heap:
 garbage-first heap   total 48128K, used 15981K [0x0000000081600000, 0x0000000100000000)
  region size 1024K, 4 young (4096K), 0 survivors (0K)
 Metaspace       used 38611K, capacity 39093K, committed 39168K, reserved 1083392K
  class space    used 4665K, capacity 4840K, committed 4864K, reserved 1048576K
GC Heap History (20 events):
Event: 1.010 GC heap before
{Heap before GC invocations=1 (full 0):
 garbage-first heap   total 131072K, used 13671K [0x0000000081600000, 0x0000000100000000)
  region size 1024K, 12 young (12288K), 2 survivors (2048K)
 Metaspace       used 16042K, capacity 16340K, committed 16640K, reserved 1064960K
  class space    used 1680K, capacity 1742K, committed 1792K, reserved 1048576K
}
Event: 1.015 GC heap after
{Heap after GC invocations=2 (full 0):
 garbage-first heap   total 131072K, used 5253K [0x0000000081600000, 0x0000000100000000)
  region size 1024K, 1 young (1024K), 1 survivors (1024K)
 Metaspace       used 16042K, capacity 16340K, committed 16640K, reserved 1064960K
  class space    used 1680K, capacity 1742K, committed 1792K, reserved 1048576K
}
Event: 1.580 GC heap before
{Heap before GC invocations=2 (full 0):
 garbage-first heap   total 131072K, used 22661K [0x0000000081600000, 0x0000000100000000)
  region size 1024K, 20 young (20480K), 1 survivors (1024K)
 Metaspace       used 20847K, capacity 21154K, committed 21248K, reserved 1069056K
  class space    used 2368K, capacity 2469K, committed 2560K, reserved 1048576K
}
Event: 1.588 GC heap after
{Heap after GC invocations=3 (full 0):
 garbage-first heap   total 131072K, used 6690K [0x0000000081600000, 0x0000000100000000)
  region size 1024K, 3 young (3072K), 3 survivors (3072K)
 Metaspace       used 20847K, capacity 21154K, committed 21248K, reserved 1069056K
  class space    used 2368K, capacity 2469K, committed 2560K, reserved 1048576K
}
Event: 2.022 GC heap before
{Heap before GC invocations=4 (full 0):
 garbage-first heap   total 34816K, used 32290K [0x0000000081600000, 0x0000000100000000)
  region size 1024K, 29 young (29696K), 3 survivors (3072K)
 Metaspace       used 26693K, capacity 27054K, committed 27392K, reserved 1073152K
  class space    used 3100K, capacity 3217K, committed 3328K, reserved 1048576K
}
Event: 2.028 GC heap after
{Heap after GC invocations=5 (full 0):
 garbage-first heap   total 38912K, used 8043K [0x0000000081600000, 0x0000000100000000)
  region size 1024K, 4 young (4096K), 4 survivors (4096K)
 Metaspace       used 26693K, capacity 27054K, committed 27392K, reserved 1073152K
  class space    used 3100K, capacity 3217K, committed 3328K, reserved 1048576K
}
Event: 2.356 GC heap before
{Heap before GC invocations=6 (full 0):
 garbage-first heap   total 34816K, used 24427K [0x0000000081600000, 0x0000000100000000)
  region size 1024K, 21 young (21504K), 4 survivors (4096K)
 Metaspace       used 28095K, capacity 28480K, committed 28544K, reserved 1075200K
  class space    used 3303K, capacity 3428K, committed 3456K, reserved 1048576K
}
Event: 2.363 GC heap after
{Heap after GC invocations=7 (full 0):
 garbage-first heap   total 41984K, used 8883K [0x0000000081600000, 0x0000000100000000)
  region size 1024K, 3 young (3072K), 3 survivors (3072K)
 Metaspace       used 28095K, capacity 28480K, committed 28544K, reserved 1075200K
  class space    used 3303K, capacity 3428K, committed 3456K, reserved 1048576K
}
Event: 2.802 GC heap before
{Heap before GC invocations=7 (full 0):
 garbage-first heap   total 41984K, used 28339K [0x0000000081600000, 0x0000000100000000)
  region size 1024K, 22 young (22528K), 3 survivors (3072K)
 Metaspace       used 31354K, capacity 31830K, committed 32128K, reserved 1077248K
  class space    used 3785K, capacity 3924K, committed 3968K, reserved 1048576K
}
Event: 2.808 GC heap after
{Heap after GC invocations=8 (full 0):
 garbage-first heap   total 41984K, used 10690K [0x0000000081600000, 0x0000000100000000)
  region size 1024K, 3 young (3072K), 3 survivors (3072K)
 Metaspace       used 31354K, capacity 31830K, committed 32128K, reserved 1077248K
  class space    used 3785K, capacity 3924K, committed 3968K, reserved 1048576K
}
Event: 3.348 GC heap before
{Heap before GC invocations=8 (full 0):
 garbage-first heap   total 41984K, used 28098K [0x0000000081600000, 0x0000000100000000)
  region size 1024K, 21 young (21504K), 3 survivors (3072K)
 Metaspace       used 34015K, capacity 34463K, committed 34688K, reserved 1079296K
  class space    used 4058K, capacity 4183K, committed 4224K, reserved 1048576K
}
Event: 3.359 GC heap after
{Heap after GC invocations=9 (full 0):
 garbage-first heap   total 41984K, used 12645K [0x0000000081600000, 0x0000000100000000)
  region size 1024K, 3 young (3072K), 3 survivors (3072K)
 Metaspace       used 34015K, capacity 34463K, committed 34688K, reserved 1079296K
  class space    used 4058K, capacity 4183K, committed 4224K, reserved 1048576K
}
Event: 3.714 GC heap before
{Heap before GC invocations=9 (full 0):
 garbage-first heap   total 41984K, used 29029K [0x0000000081600000, 0x0000000100000000)
  region size 1024K, 19 young (19456K), 3 survivors (3072K)
 Metaspace       used 34038K, capacity 34463K, committed 34688K, reserved 1079296K
  class space    used 4060K, capacity 4183K, committed 4224K, reserved 1048576K
}
Event: 3.722 GC heap after
{Heap after GC invocations=10 (full 0):
 garbage-first heap   total 41984K, used 14191K [0x0000000081600000, 0x0000000100000000)
  region size 1024K, 3 young (3072K), 3 survivors (3072K)
 Metaspace       used 34038K, capacity 34463K, committed 34688K, reserved 1079296K
  class space    used 4060K, capacity 4183K, committed 4224K, reserved 1048576K
}
Event: 4.212 GC heap before
{Heap before GC invocations=10 (full 0):
 garbage-first heap   total 41984K, used 28527K [0x0000000081600000, 0x0000000100000000)
  region size 1024K, 17 young (17408K), 3 survivors (3072K)
 Metaspace       used 34068K, capacity 34495K, committed 34688K, reserved 1079296K
  class space    used 4064K, capacity 4215K, committed 4224K, reserved 1048576K
}
Event: 4.214 GC heap after
{Heap after GC invocations=11 (full 0):
 garbage-first heap   total 51200K, used 12528K [0x0000000081600000, 0x0000000100000000)
  region size 1024K, 1 young (1024K), 1 survivors (1024K)
 Metaspace       used 34068K, capacity 34495K, committed 34688K, reserved 1079296K
  class space    used 4064K, capacity 4215K, committed 4224K, reserved 1048576K
}
Event: 8.273 GC heap before
{Heap before GC invocations=11 (full 0):
 garbage-first heap   total 51200K, used 37104K [0x0000000081600000, 0x0000000100000000)
  region size 1024K, 26 young (26624K), 1 survivors (1024K)
 Metaspace       used 37933K, capacity 38450K, committed 38528K, reserved 1083392K
  class space    used 4584K, capacity 4731K, committed 4736K, reserved 1048576K
}
Event: 8.280 GC heap after
{Heap after GC invocations=12 (full 0):
 garbage-first heap   total 51200K, used 14683K [0x0000000081600000, 0x0000000100000000)
  region size 1024K, 3 young (3072K), 3 survivors (3072K)
 Metaspace       used 37933K, capacity 38450K, committed 38528K, reserved 1083392K
  class space    used 4584K, capacity 4731K, committed 4736K, reserved 1048576K
}
Event: 313.324 GC heap before
{Heap before GC invocations=12 (full 0):
 garbage-first heap   total 51200K, used 37211K [0x0000000081600000, 0x0000000100000000)
  region size 1024K, 26 young (26624K), 3 survivors (3072K)
 Metaspace       used 38589K, capacity 39069K, committed 39168K, reserved 1083392K
  class space    used 4659K, capacity 4832K, committed 4864K, reserved 1048576K
}
Event: 313.336 GC heap after
{Heap after GC invocations=13 (full 0):
 garbage-first heap   total 51200K, used 16547K [0x0000000081600000, 0x0000000100000000)
  region size 1024K, 2 young (2048K), 2 survivors (2048K)
 Metaspace       used 38589K, capacity 39069K, committed 39168K, reserved 1083392K
  class space    used 4659K, capacity 4832K, committed 4864K, reserved 1048576K
}

