# JRE version: OpenJDK Runtime Environment (15.0.1+9) (build 15.0.1+9-18)
# Java VM: OpenJDK 64-Bit Server VM (15.0.1+9-18, mixed mode, tiered, compressed oops, g1 gc, windows-amd64)
GC Precious Log:
 CPUs: 4 total, 4 available
 Memory: 8101M
 Large Page Support: Disabled
 NUMA Support: Disabled
 Compressed Oops: Enabled (32-bit)
 Heap Region Size: 1M
 Heap Min Capacity: 8M
 Heap Initial Capacity: 128M
 Heap Max Capacity: 2026M
 Pre-touch: Disabled
 Parallel Workers: 4
 Concurrent Workers: 1
 Concurrent Refinement Workers: 4
 Periodic GC: Disabled
Heap:
 garbage-first heap   total 51200K, used 16875K [0x0000000081600000, 0x0000000100000000)
  region size 1024K, 5 young (5120K), 0 survivors (0K)
 Metaspace       used 38608K, capacity 39125K, committed 39296K, reserved 1083392K
  class space    used 4666K, capacity 4872K, committed 4992K, reserved 1048576K
GC Heap History (20 events):
Event: 1.205 GC heap before
{Heap before GC invocations=1 (full 0):
 garbage-first heap   total 131072K, used 14562K [0x0000000081600000, 0x0000000100000000)
  region size 1024K, 12 young (12288K), 2 survivors (2048K)
 Metaspace       used 16028K, capacity 16276K, committed 16384K, reserved 1064960K
  class space    used 1679K, capacity 1742K, committed 1792K, reserved 1048576K
}
Event: 1.212 GC heap after
{Heap after GC invocations=2 (full 0):
 garbage-first heap   total 131072K, used 5356K [0x0000000081600000, 0x0000000100000000)
  region size 1024K, 1 young (1024K), 1 survivors (1024K)
 Metaspace       used 16028K, capacity 16276K, committed 16384K, reserved 1064960K
  class space    used 1679K, capacity 1742K, committed 1792K, reserved 1048576K
}
Event: 1.771 GC heap before
{Heap before GC invocations=2 (full 0):
 garbage-first heap   total 131072K, used 23788K [0x0000000081600000, 0x0000000100000000)
  region size 1024K, 21 young (21504K), 1 survivors (1024K)
 Metaspace       used 20859K, capacity 21154K, committed 21248K, reserved 1069056K
  class space    used 2367K, capacity 2469K, committed 2560K, reserved 1048576K
}
Event: 1.777 GC heap after
{Heap after GC invocations=3 (full 0):
 garbage-first heap   total 131072K, used 6797K [0x0000000081600000, 0x0000000100000000)
  region size 1024K, 3 young (3072K), 3 survivors (3072K)
 Metaspace       used 20859K, capacity 21154K, committed 21248K, reserved 1069056K
  class space    used 2367K, capacity 2469K, committed 2560K, reserved 1048576K
}
Event: 2.289 GC heap before
{Heap before GC invocations=4 (full 0):
 garbage-first heap   total 37888K, used 36493K [0x0000000081600000, 0x0000000100000000)
  region size 1024K, 32 young (32768K), 3 survivors (3072K)
 Metaspace       used 26996K, capacity 27377K, committed 27648K, reserved 1073152K
  class space    used 3147K, capacity 3282K, committed 3328K, reserved 1048576K
}
Event: 2.297 GC heap after
{Heap after GC invocations=5 (full 0):
 garbage-first heap   total 41984K, used 8439K [0x0000000081600000, 0x0000000100000000)
  region size 1024K, 4 young (4096K), 4 survivors (4096K)
 Metaspace       used 26996K, capacity 27377K, committed 27648K, reserved 1073152K
  class space    used 3147K, capacity 3282K, committed 3328K, reserved 1048576K
}
Event: 2.738 GC heap before
{Heap before GC invocations=6 (full 0):
 garbage-first heap   total 34816K, used 26871K [0x0000000081600000, 0x0000000100000000)
  region size 1024K, 22 young (22528K), 4 survivors (4096K)
 Metaspace       used 28542K, capacity 28954K, committed 29184K, reserved 1075200K
  class space    used 3363K, capacity 3501K, committed 3584K, reserved 1048576K
}
Event: 2.744 GC heap after
{Heap after GC invocations=7 (full 0):
 garbage-first heap   total 41984K, used 9493K [0x0000000081600000, 0x0000000100000000)
  region size 1024K, 2 young (2048K), 2 survivors (2048K)
 Metaspace       used 28542K, capacity 28954K, committed 29184K, reserved 1075200K
  class space    used 3363K, capacity 3501K, committed 3584K, reserved 1048576K
}
Event: 3.477 GC heap before
{Heap before GC invocations=7 (full 0):
 garbage-first heap   total 41984K, used 26901K [0x0000000081600000, 0x0000000100000000)
  region size 1024K, 20 young (20480K), 2 survivors (2048K)
 Metaspace       used 31940K, capacity 32312K, committed 32384K, reserved 1077248K
  class space    used 3835K, capacity 3958K, committed 3968K, reserved 1048576K
}
Event: 3.486 GC heap after
{Heap after GC invocations=8 (full 0):
 garbage-first heap   total 41984K, used 11011K [0x0000000081600000, 0x0000000100000000)
  region size 1024K, 3 young (3072K), 3 survivors (3072K)
 Metaspace       used 31940K, capacity 32312K, committed 32384K, reserved 1077248K
  class space    used 3835K, capacity 3958K, committed 3968K, reserved 1048576K
}
Event: 4.126 GC heap before
{Heap before GC invocations=8 (full 0):
 garbage-first heap   total 41984K, used 28419K [0x0000000081600000, 0x0000000100000000)
  region size 1024K, 20 young (20480K), 3 survivors (3072K)
 Metaspace       used 34027K, capacity 34463K, committed 34688K, reserved 1079296K
  class space    used 4055K, capacity 4183K, committed 4224K, reserved 1048576K
}
Event: 4.139 GC heap after
{Heap after GC invocations=9 (full 0):
 garbage-first heap   total 41984K, used 13154K [0x0000000081600000, 0x0000000100000000)
  region size 1024K, 3 young (3072K), 3 survivors (3072K)
 Metaspace       used 34027K, capacity 34463K, committed 34688K, reserved 1079296K
  class space    used 4055K, capacity 4183K, committed 4224K, reserved 1048576K
}
Event: 4.707 GC heap before
{Heap before GC invocations=9 (full 0):
 garbage-first heap   total 41984K, used 28514K [0x0000000081600000, 0x0000000100000000)
  region size 1024K, 18 young (18432K), 3 survivors (3072K)
 Metaspace       used 34032K, capacity 34463K, committed 34688K, reserved 1079296K
  class space    used 4057K, capacity 4183K, committed 4224K, reserved 1048576K
}
Event: 4.718 GC heap after
{Heap after GC invocations=10 (full 0):
 garbage-first heap   total 41984K, used 14085K [0x0000000081600000, 0x0000000100000000)
  region size 1024K, 3 young (3072K), 3 survivors (3072K)
 Metaspace       used 34032K, capacity 34463K, committed 34688K, reserved 1079296K
  class space    used 4057K, capacity 4183K, committed 4224K, reserved 1048576K
}
Event: 5.181 GC heap before
{Heap before GC invocations=10 (full 0):
 garbage-first heap   total 41984K, used 27397K [0x0000000081600000, 0x0000000100000000)
  region size 1024K, 16 young (16384K), 3 survivors (3072K)
 Metaspace       used 34032K, capacity 34463K, committed 34688K, reserved 1079296K
  class space    used 4057K, capacity 4183K, committed 4224K, reserved 1048576K
}
Event: 5.186 GC heap after
{Heap after GC invocations=11 (full 0):
 garbage-first heap   total 51200K, used 14228K [0x0000000081600000, 0x0000000100000000)
  region size 1024K, 2 young (2048K), 2 survivors (2048K)
 Metaspace       used 34032K, capacity 34463K, committed 34688K, reserved 1079296K
  class space    used 4057K, capacity 4183K, committed 4224K, reserved 1048576K
}
Event: 6.145 GC heap before
{Heap before GC invocations=11 (full 0):
 garbage-first heap   total 51200K, used 36756K [0x0000000081600000, 0x0000000100000000)
  region size 1024K, 24 young (24576K), 2 survivors (2048K)
 Metaspace       used 37651K, capacity 38123K, committed 38272K, reserved 1083392K
  class space    used 4547K, capacity 4690K, committed 4736K, reserved 1048576K
}
Event: 6.152 GC heap after
{Heap after GC invocations=12 (full 0):
 garbage-first heap   total 51200K, used 14623K [0x0000000081600000, 0x0000000100000000)
  region size 1024K, 3 young (3072K), 3 survivors (3072K)
 Metaspace       used 37651K, capacity 38123K, committed 38272K, reserved 1083392K
  class space    used 4547K, capacity 4690K, committed 4736K, reserved 1048576K
}
Event: 65.749 GC heap before
{Heap before GC invocations=12 (full 0):
 garbage-first heap   total 51200K, used 35103K [0x0000000081600000, 0x0000000100000000)
  region size 1024K, 24 young (24576K), 3 survivors (3072K)
 Metaspace       used 38585K, capacity 39069K, committed 39168K, reserved 1083392K
  class space    used 4660K, capacity 4832K, committed 4864K, reserved 1048576K
}
Event: 65.758 GC heap after
{Heap after GC invocations=13 (full 0):
 garbage-first heap   total 51200K, used 17103K [0x0000000081600000, 0x0000000100000000)
  region size 1024K, 3 young (3072K), 3 survivors (3072K)
 Metaspace       used 38585K, capacity 39069K, committed 39168K, reserved 1083392K
  class space    used 4660K, capacity 4832K, committed 4864K, reserved 1048576K
}

